Arguments: 
  /usr/bin/node /usr/bin/yarn storybook-web

PATH: 
  /usr/local/sbin:/usr/local/bin:/usr/sbin:/usr/bin:/sbin:/bin:/usr/games:/usr/local/games:/snap/bin:/snap/bin:/home/rybachello/Android/Sdk/tools:/home/rybachello/Android/Sdk/tools

Yarn version: 
  1.5.1

Node version: 
  6.13.0

Platform: 
  linux x64

npm manifest: 
  {
    "name": "translations",
    "version": "0.0.0",
    "description": "Translations for Cards services.",
    "keywords": [
      "translations",
      "cards",
      "services"
    ],
    "author": {
      "name": "Ross Khanas",
      "email": "rk@try.cards"
    },
    "license": "MIT",
    "repository": {
      "type": "git",
      "url": "git@github.com:opensource-cards/translations.git"
    }
  }

yarn manifest: 
  No manifest

Lockfile: 
  No lockfile

Trace: 
  Error: Command "storybook-web" not found.
      at MessageError.Error (native)
      at new MessageError (/usr/lib/node_modules/yarn/lib/cli.js:186:110)
      at /usr/lib/node_modules/yarn/lib/cli.js:87307:17
      at next (native)
      at step (/usr/lib/node_modules/yarn/lib/cli.js:98:30)
      at /usr/lib/node_modules/yarn/lib/cli.js:116:14
      at Promise.F (/usr/lib/node_modules/yarn/lib/cli.js:23451:28)
      at /usr/lib/node_modules/yarn/lib/cli.js:95:12
      at runCommand (/usr/lib/node_modules/yarn/lib/cli.js:87312:22)
      at Object.<anonymous> (/usr/lib/node_modules/yarn/lib/cli.js:87412:14)
